app/build/app/intermediates/manifest_merge_blame_file/release/processReleaseMainManifest/manifest-merger-blame-release-report.txt
1<?xml version="1.0" encoding="utf-8"?>
2<manifest xmlns:android="http://schemas.android.com/apk/res/android"
3    package="com.example.flutter_application_1"
4    android:versionCode="1"
5    android:versionName="1.0.0" >
6
7    <uses-sdk
8        android:minSdkVersion="21"
9        android:targetSdkVersion="35" />
10    <!--
11         Required to query activities that can process text, see:
12         https://developer.android.com/training/package-visibility and
13         https://developer.android.com/reference/android/content/Intent#ACTION_PROCESS_TEXT.
14
15         In particular, this is used by the Flutter engine in io.flutter.plugin.text.ProcessTextPlugin.
16    -->
17    <queries>
17-->src\main\AndroidManifest.xml:39:5-44:15
18        <intent>
18-->src\main\AndroidManifest.xml:40:9-43:18
19            <action android:name="android.intent.action.PROCESS_TEXT" />
19-->src\main\AndroidManifest.xml:41:13-72
19-->src\main\AndroidManifest.xml:41:21-70
20
21            <data android:mimeType="text/plain" />
21-->src\main\AndroidManifest.xml:42:13-50
21-->src\main\AndroidManifest.xml:42:19-48
22        </intent>
23        <intent>
23-->[com.razorpay:standard-core:1.6.47] AndroidManifest.xml:11:9-17:18
24            <action android:name="android.intent.action.VIEW" />
24-->[com.razorpay:standard-core:1.6.47] AndroidManifest.xml:12:13-65
24-->[com.razorpay:standard-core:1.6.47] AndroidManifest.xml:12:21-62
25
26            <data
26-->src\main\AndroidManifest.xml:42:13-50
27                android:mimeType="*/*"
27-->src\main\AndroidManifest.xml:42:19-48
28                android:scheme="*" />
29        </intent>
30        <intent>
30-->[com.razorpay:standard-core:1.6.47] AndroidManifest.xml:18:9-27:18
31            <action android:name="android.intent.action.VIEW" />
31-->[com.razorpay:standard-core:1.6.47] AndroidManifest.xml:12:13-65
31-->[com.razorpay:standard-core:1.6.47] AndroidManifest.xml:12:21-62
32
33            <category android:name="android.intent.category.BROWSABLE" />
33-->[com.razorpay:standard-core:1.6.47] AndroidManifest.xml:21:13-74
33-->[com.razorpay:standard-core:1.6.47] AndroidManifest.xml:21:23-71
34
35            <data
35-->src\main\AndroidManifest.xml:42:13-50
36                android:host="pay"
37                android:mimeType="*/*"
37-->src\main\AndroidManifest.xml:42:19-48
38                android:scheme="upi" />
39        </intent>
40        <intent>
40-->[com.razorpay:standard-core:1.6.47] AndroidManifest.xml:28:9-30:18
41            <action android:name="android.intent.action.MAIN" />
41-->src\main\AndroidManifest.xml:24:17-68
41-->src\main\AndroidManifest.xml:24:25-66
42        </intent>
43        <intent>
43-->[com.razorpay:standard-core:1.6.47] AndroidManifest.xml:31:9-35:18
44            <action android:name="android.intent.action.SEND" />
44-->[com.razorpay:standard-core:1.6.47] AndroidManifest.xml:32:13-65
44-->[com.razorpay:standard-core:1.6.47] AndroidManifest.xml:32:21-62
45
46            <data android:mimeType="*/*" />
46-->src\main\AndroidManifest.xml:42:13-50
46-->src\main\AndroidManifest.xml:42:19-48
47        </intent>
48        <intent>
48-->[com.razorpay:standard-core:1.6.47] AndroidManifest.xml:36:9-38:18
49            <action android:name="rzp.device_token.share" />
49-->[com.razorpay:standard-core:1.6.47] AndroidManifest.xml:37:13-61
49-->[com.razorpay:standard-core:1.6.47] AndroidManifest.xml:37:21-58
50        </intent>
51    </queries>
52
53    <uses-permission android:name="android.permission.USE_BIOMETRIC" /> <!-- suppress DeprecatedClassUsageInspection -->
53-->[:local_auth_android] AndroidManifest.xml:7:5-72
53-->[:local_auth_android] AndroidManifest.xml:7:22-69
54    <uses-permission android:name="android.permission.USE_FINGERPRINT" />
54-->[androidx.biometric:biometric:1.1.0] AndroidManifest.xml:27:5-74
54-->[androidx.biometric:biometric:1.1.0] AndroidManifest.xml:27:22-71
55    <uses-permission android:name="android.permission.INTERNET" /> <!-- Include required permissions for Google Maps API to run. -->
55-->[com.razorpay:standard-core:1.6.47] AndroidManifest.xml:8:5-67
55-->[com.razorpay:standard-core:1.6.47] AndroidManifest.xml:8:22-64
56    <uses-permission android:name="android.permission.ACCESS_NETWORK_STATE" />
56-->[com.google.android.gms:play-services-maps:17.0.0] AndroidManifest.xml:23:5-79
56-->[com.google.android.gms:play-services-maps:17.0.0] AndroidManifest.xml:23:22-76
57
58    <uses-feature
58-->[com.google.android.gms:play-services-maps:17.0.0] AndroidManifest.xml:26:5-28:35
59        android:glEsVersion="0x00020000"
59-->[com.google.android.gms:play-services-maps:17.0.0] AndroidManifest.xml:27:9-41
60        android:required="true" />
60-->[com.google.android.gms:play-services-maps:17.0.0] AndroidManifest.xml:28:9-32
61
62    <permission
62-->[androidx.core:core:1.13.1] AndroidManifest.xml:22:5-24:47
63        android:name="com.example.flutter_application_1.DYNAMIC_RECEIVER_NOT_EXPORTED_PERMISSION"
63-->[androidx.core:core:1.13.1] AndroidManifest.xml:23:9-81
64        android:protectionLevel="signature" />
64-->[androidx.core:core:1.13.1] AndroidManifest.xml:24:9-44
65
66    <uses-permission android:name="com.example.flutter_application_1.DYNAMIC_RECEIVER_NOT_EXPORTED_PERMISSION" />
66-->[androidx.core:core:1.13.1] AndroidManifest.xml:26:5-97
66-->[androidx.core:core:1.13.1] AndroidManifest.xml:26:22-94
67    <uses-permission android:name="android.permission.CAMERA" /> <!-- Don't require camera, as this requires a rear camera. This allows it to work on the Nexus 7 -->
67-->[com.journeyapps:zxing-android-embedded:4.3.0] AndroidManifest.xml:22:5-65
67-->[com.journeyapps:zxing-android-embedded:4.3.0] AndroidManifest.xml:22:22-62
68    <uses-feature
68-->[com.journeyapps:zxing-android-embedded:4.3.0] AndroidManifest.xml:25:5-27:36
69        android:name="android.hardware.camera"
69-->[com.journeyapps:zxing-android-embedded:4.3.0] AndroidManifest.xml:26:9-47
70        android:required="false" />
70-->[com.journeyapps:zxing-android-embedded:4.3.0] AndroidManifest.xml:27:9-33
71    <uses-feature
71-->[com.journeyapps:zxing-android-embedded:4.3.0] AndroidManifest.xml:28:5-30:36
72        android:name="android.hardware.camera.front"
72-->[com.journeyapps:zxing-android-embedded:4.3.0] AndroidManifest.xml:29:9-53
73        android:required="false" /> <!-- TODO replace above two with next line after Android 4.2 -->
73-->[com.journeyapps:zxing-android-embedded:4.3.0] AndroidManifest.xml:30:9-33
74    <!-- <uses-feature android:name="android.hardware.camera.any"/> -->
75    <uses-feature
75-->[com.journeyapps:zxing-android-embedded:4.3.0] AndroidManifest.xml:33:5-35:36
76        android:name="android.hardware.camera.autofocus"
76-->[com.journeyapps:zxing-android-embedded:4.3.0] AndroidManifest.xml:34:9-57
77        android:required="false" />
77-->[com.journeyapps:zxing-android-embedded:4.3.0] AndroidManifest.xml:35:9-33
78    <uses-feature
78-->[com.journeyapps:zxing-android-embedded:4.3.0] AndroidManifest.xml:36:5-38:36
79        android:name="android.hardware.camera.flash"
79-->[com.journeyapps:zxing-android-embedded:4.3.0] AndroidManifest.xml:37:9-53
80        android:required="false" />
80-->[com.journeyapps:zxing-android-embedded:4.3.0] AndroidManifest.xml:38:9-33
81    <uses-feature
81-->[com.journeyapps:zxing-android-embedded:4.3.0] AndroidManifest.xml:39:5-41:36
82        android:name="android.hardware.screen.landscape"
82-->[com.journeyapps:zxing-android-embedded:4.3.0] AndroidManifest.xml:40:9-57
83        android:required="false" />
83-->[com.journeyapps:zxing-android-embedded:4.3.0] AndroidManifest.xml:41:9-33
84    <uses-feature
84-->[com.journeyapps:zxing-android-embedded:4.3.0] AndroidManifest.xml:42:5-44:36
85        android:name="android.hardware.wifi"
85-->[com.journeyapps:zxing-android-embedded:4.3.0] AndroidManifest.xml:43:9-45
86        android:required="false" />
86-->[com.journeyapps:zxing-android-embedded:4.3.0] AndroidManifest.xml:44:9-33
87
88    <application
89        android:name="android.app.Application"
89-->src\main\AndroidManifest.xml:4:9-42
90        android:appComponentFactory="androidx.core.app.CoreComponentFactory"
90-->[androidx.core:core:1.13.1] AndroidManifest.xml:28:18-86
91        android:extractNativeLibs="true"
92        android:icon="@mipmap/ic_launcher"
92-->src\main\AndroidManifest.xml:5:9-43
93        android:label="flutter_application_1" >
93-->src\main\AndroidManifest.xml:3:9-46
94        <activity
94-->src\main\AndroidManifest.xml:6:9-27:20
95            android:name="com.example.flutter_application_1.MainActivity"
95-->src\main\AndroidManifest.xml:7:13-41
96            android:configChanges="orientation|keyboardHidden|keyboard|screenSize|smallestScreenSize|locale|layoutDirection|fontScale|screenLayout|density|uiMode"
96-->src\main\AndroidManifest.xml:12:13-163
97            android:exported="true"
97-->src\main\AndroidManifest.xml:8:13-36
98            android:hardwareAccelerated="true"
98-->src\main\AndroidManifest.xml:13:13-47
99            android:launchMode="singleTop"
99-->src\main\AndroidManifest.xml:9:13-43
100            android:taskAffinity=""
100-->src\main\AndroidManifest.xml:10:13-36
101            android:theme="@style/LaunchTheme"
101-->src\main\AndroidManifest.xml:11:13-47
102            android:windowSoftInputMode="adjustResize" >
102-->src\main\AndroidManifest.xml:14:13-55
103
104            <!--
105                 Specifies an Android theme to apply to this Activity as soon as
106                 the Android process has started. This theme is visible to the user
107                 while the Flutter UI initializes. After that, this theme continues
108                 to determine the Window background behind the Flutter UI.
109            -->
110            <meta-data
110-->src\main\AndroidManifest.xml:19:13-22:17
111                android:name="io.flutter.embedding.android.NormalTheme"
111-->src\main\AndroidManifest.xml:20:15-70
112                android:resource="@style/NormalTheme" />
112-->src\main\AndroidManifest.xml:21:15-52
113
114            <intent-filter>
114-->src\main\AndroidManifest.xml:23:13-26:29
115                <action android:name="android.intent.action.MAIN" />
115-->src\main\AndroidManifest.xml:24:17-68
115-->src\main\AndroidManifest.xml:24:25-66
116
117                <category android:name="android.intent.category.LAUNCHER" />
117-->src\main\AndroidManifest.xml:25:17-76
117-->src\main\AndroidManifest.xml:25:27-74
118            </intent-filter>
119        </activity>
120        <!--
121             Don't delete the meta-data below.
122             This is used by the Flutter tool to generate GeneratedPluginRegistrant.java
123        -->
124        <meta-data
124-->src\main\AndroidManifest.xml:30:9-32:33
125            android:name="flutterEmbedding"
125-->src\main\AndroidManifest.xml:31:13-44
126            android:value="2" />
126-->src\main\AndroidManifest.xml:32:13-30
127
128        <uses-library
128-->[androidx.window:window:1.2.0] AndroidManifest.xml:23:9-25:40
129            android:name="androidx.window.extensions"
129-->[androidx.window:window:1.2.0] AndroidManifest.xml:24:13-54
130            android:required="false" />
130-->[androidx.window:window:1.2.0] AndroidManifest.xml:25:13-37
131        <uses-library
131-->[androidx.window:window:1.2.0] AndroidManifest.xml:26:9-28:40
132            android:name="androidx.window.sidecar"
132-->[androidx.window:window:1.2.0] AndroidManifest.xml:27:13-51
133            android:required="false" />
133-->[androidx.window:window:1.2.0] AndroidManifest.xml:28:13-37
134
135        <receiver
135-->[com.razorpay:standard-core:1.6.47] AndroidManifest.xml:42:9-49:20
136            android:name="com.razorpay.RzpTokenReceiver"
136-->[com.razorpay:standard-core:1.6.47] AndroidManifest.xml:43:13-57
137            android:exported="true" >
137-->[com.razorpay:standard-core:1.6.47] AndroidManifest.xml:44:13-36
138            <intent-filter>
138-->[com.razorpay:standard-core:1.6.47] AndroidManifest.xml:46:13-48:29
139                <action android:name="rzp.device_token.share" />
139-->[com.razorpay:standard-core:1.6.47] AndroidManifest.xml:37:13-61
139-->[com.razorpay:standard-core:1.6.47] AndroidManifest.xml:37:21-58
140            </intent-filter>
141        </receiver>
142
143        <activity
143-->[com.razorpay:standard-core:1.6.47] AndroidManifest.xml:51:9-59:20
144            android:name="com.razorpay.CheckoutActivity"
144-->[com.razorpay:standard-core:1.6.47] AndroidManifest.xml:52:13-57
145            android:configChanges="keyboard|keyboardHidden|orientation|screenSize"
145-->[com.razorpay:standard-core:1.6.47] AndroidManifest.xml:53:13-83
146            android:exported="false"
146-->[com.razorpay:standard-core:1.6.47] AndroidManifest.xml:54:13-37
147            android:theme="@style/CheckoutTheme" >
147-->[com.razorpay:standard-core:1.6.47] AndroidManifest.xml:55:13-49
148            <intent-filter>
148-->[com.razorpay:standard-core:1.6.47] AndroidManifest.xml:56:13-58:29
149                <action android:name="android.intent.action.MAIN" />
149-->src\main\AndroidManifest.xml:24:17-68
149-->src\main\AndroidManifest.xml:24:25-66
150            </intent-filter>
151        </activity>
152
153        <provider
153-->[com.razorpay:standard-core:1.6.47] AndroidManifest.xml:61:9-69:20
154            android:name="androidx.startup.InitializationProvider"
154-->[com.razorpay:standard-core:1.6.47] AndroidManifest.xml:62:13-67
155            android:authorities="com.example.flutter_application_1.androidx-startup"
155-->[com.razorpay:standard-core:1.6.47] AndroidManifest.xml:63:13-68
156            android:exported="false" >
156-->[com.razorpay:standard-core:1.6.47] AndroidManifest.xml:64:13-37
157            <meta-data
157-->[com.razorpay:standard-core:1.6.47] AndroidManifest.xml:66:13-68:52
158                android:name="com.razorpay.RazorpayInitializer"
158-->[com.razorpay:standard-core:1.6.47] AndroidManifest.xml:67:17-64
159                android:value="androidx.startup" />
159-->[com.razorpay:standard-core:1.6.47] AndroidManifest.xml:68:17-49
160            <meta-data
160-->[androidx.emoji2:emoji2:1.2.0] AndroidManifest.xml:29:13-31:52
161                android:name="androidx.emoji2.text.EmojiCompatInitializer"
161-->[androidx.emoji2:emoji2:1.2.0] AndroidManifest.xml:30:17-75
162                android:value="androidx.startup" />
162-->[androidx.emoji2:emoji2:1.2.0] AndroidManifest.xml:31:17-49
163            <meta-data
163-->[androidx.lifecycle:lifecycle-process:2.7.0] AndroidManifest.xml:29:13-31:52
164                android:name="androidx.lifecycle.ProcessLifecycleInitializer"
164-->[androidx.lifecycle:lifecycle-process:2.7.0] AndroidManifest.xml:30:17-78
165                android:value="androidx.startup" />
165-->[androidx.lifecycle:lifecycle-process:2.7.0] AndroidManifest.xml:31:17-49
166            <meta-data
166-->[androidx.profileinstaller:profileinstaller:1.3.1] AndroidManifest.xml:29:13-31:52
167                android:name="androidx.profileinstaller.ProfileInstallerInitializer"
167-->[androidx.profileinstaller:profileinstaller:1.3.1] AndroidManifest.xml:30:17-85
168                android:value="androidx.startup" />
168-->[androidx.profileinstaller:profileinstaller:1.3.1] AndroidManifest.xml:31:17-49
169        </provider>
170
171        <activity
171-->[com.razorpay:standard-core:1.6.47] AndroidManifest.xml:71:9-74:75
172            android:name="com.razorpay.MagicXActivity"
172-->[com.razorpay:standard-core:1.6.47] AndroidManifest.xml:72:13-55
173            android:exported="false"
173-->[com.razorpay:standard-core:1.6.47] AndroidManifest.xml:73:13-37
174            android:theme="@android:style/Theme.Translucent.NoTitleBar" />
174-->[com.razorpay:standard-core:1.6.47] AndroidManifest.xml:74:13-72
175
176        <meta-data
176-->[com.razorpay:standard-core:1.6.47] AndroidManifest.xml:76:9-78:58
177            android:name="com.razorpay.plugin.googlepay_all"
177-->[com.razorpay:standard-core:1.6.47] AndroidManifest.xml:77:13-61
178            android:value="com.razorpay.RzpGpayMerged" />
178-->[com.razorpay:standard-core:1.6.47] AndroidManifest.xml:78:13-55
179
180        <activity
180-->[com.google.android.gms:play-services-auth:21.1.0] AndroidManifest.xml:23:9-27:75
181            android:name="com.google.android.gms.auth.api.signin.internal.SignInHubActivity"
181-->[com.google.android.gms:play-services-auth:21.1.0] AndroidManifest.xml:24:13-93
182            android:excludeFromRecents="true"
182-->[com.google.android.gms:play-services-auth:21.1.0] AndroidManifest.xml:25:13-46
183            android:exported="false"
183-->[com.google.android.gms:play-services-auth:21.1.0] AndroidManifest.xml:26:13-37
184            android:theme="@android:style/Theme.Translucent.NoTitleBar" />
184-->[com.google.android.gms:play-services-auth:21.1.0] AndroidManifest.xml:27:13-72
185        <!--
186            Service handling Google Sign-In user revocation. For apps that do not integrate with
187            Google Sign-In, this service will never be started.
188        -->
189        <service
189-->[com.google.android.gms:play-services-auth:21.1.0] AndroidManifest.xml:33:9-37:51
190            android:name="com.google.android.gms.auth.api.signin.RevocationBoundService"
190-->[com.google.android.gms:play-services-auth:21.1.0] AndroidManifest.xml:34:13-89
191            android:exported="true"
191-->[com.google.android.gms:play-services-auth:21.1.0] AndroidManifest.xml:35:13-36
192            android:permission="com.google.android.gms.auth.api.signin.permission.REVOCATION_NOTIFICATION"
192-->[com.google.android.gms:play-services-auth:21.1.0] AndroidManifest.xml:36:13-107
193            android:visibleToInstantApps="true" /> <!-- Needs to be explicitly declared on P+ -->
193-->[com.google.android.gms:play-services-auth:21.1.0] AndroidManifest.xml:37:13-48
194        <uses-library
194-->[com.google.android.gms:play-services-maps:17.0.0] AndroidManifest.xml:33:9-35:40
195            android:name="org.apache.http.legacy"
195-->[com.google.android.gms:play-services-maps:17.0.0] AndroidManifest.xml:34:13-50
196            android:required="false" />
196-->[com.google.android.gms:play-services-maps:17.0.0] AndroidManifest.xml:35:13-37
197
198        <activity
198-->[com.google.android.gms:play-services-base:18.3.0] AndroidManifest.xml:20:9-22:45
199            android:name="com.google.android.gms.common.api.GoogleApiActivity"
199-->[com.google.android.gms:play-services-base:18.3.0] AndroidManifest.xml:20:19-85
200            android:exported="false"
200-->[com.google.android.gms:play-services-base:18.3.0] AndroidManifest.xml:22:19-43
201            android:theme="@android:style/Theme.Translucent.NoTitleBar" />
201-->[com.google.android.gms:play-services-base:18.3.0] AndroidManifest.xml:21:19-78
202
203        <meta-data
203-->[com.google.android.gms:play-services-basement:18.3.0] AndroidManifest.xml:21:9-23:69
204            android:name="com.google.android.gms.version"
204-->[com.google.android.gms:play-services-basement:18.3.0] AndroidManifest.xml:22:13-58
205            android:value="@integer/google_play_services_version" />
205-->[com.google.android.gms:play-services-basement:18.3.0] AndroidManifest.xml:23:13-66
206
207        <receiver
207-->[androidx.profileinstaller:profileinstaller:1.3.1] AndroidManifest.xml:34:9-52:20
208            android:name="androidx.profileinstaller.ProfileInstallReceiver"
208-->[androidx.profileinstaller:profileinstaller:1.3.1] AndroidManifest.xml:35:13-76
209            android:directBootAware="false"
209-->[androidx.profileinstaller:profileinstaller:1.3.1] AndroidManifest.xml:36:13-44
210            android:enabled="true"
210-->[androidx.profileinstaller:profileinstaller:1.3.1] AndroidManifest.xml:37:13-35
211            android:exported="true"
211-->[androidx.profileinstaller:profileinstaller:1.3.1] AndroidManifest.xml:38:13-36
212            android:permission="android.permission.DUMP" >
212-->[androidx.profileinstaller:profileinstaller:1.3.1] AndroidManifest.xml:39:13-57
213            <intent-filter>
213-->[androidx.profileinstaller:profileinstaller:1.3.1] AndroidManifest.xml:40:13-42:29
214                <action android:name="androidx.profileinstaller.action.INSTALL_PROFILE" />
214-->[androidx.profileinstaller:profileinstaller:1.3.1] AndroidManifest.xml:41:17-91
214-->[androidx.profileinstaller:profileinstaller:1.3.1] AndroidManifest.xml:41:25-88
215            </intent-filter>
216            <intent-filter>
216-->[androidx.profileinstaller:profileinstaller:1.3.1] AndroidManifest.xml:43:13-45:29
217                <action android:name="androidx.profileinstaller.action.SKIP_FILE" />
217-->[androidx.profileinstaller:profileinstaller:1.3.1] AndroidManifest.xml:44:17-85
217-->[androidx.profileinstaller:profileinstaller:1.3.1] AndroidManifest.xml:44:25-82
218            </intent-filter>
219            <intent-filter>
219-->[androidx.profileinstaller:profileinstaller:1.3.1] AndroidManifest.xml:46:13-48:29
220                <action android:name="androidx.profileinstaller.action.SAVE_PROFILE" />
220-->[androidx.profileinstaller:profileinstaller:1.3.1] AndroidManifest.xml:47:17-88
220-->[androidx.profileinstaller:profileinstaller:1.3.1] AndroidManifest.xml:47:25-85
221            </intent-filter>
222            <intent-filter>
222-->[androidx.profileinstaller:profileinstaller:1.3.1] AndroidManifest.xml:49:13-51:29
223                <action android:name="androidx.profileinstaller.action.BENCHMARK_OPERATION" />
223-->[androidx.profileinstaller:profileinstaller:1.3.1] AndroidManifest.xml:50:17-95
223-->[androidx.profileinstaller:profileinstaller:1.3.1] AndroidManifest.xml:50:25-92
224            </intent-filter>
225        </receiver>
226
227        <activity
227-->[com.journeyapps:zxing-android-embedded:4.3.0] AndroidManifest.xml:47:9-53:63
228            android:name="com.journeyapps.barcodescanner.CaptureActivity"
228-->[com.journeyapps:zxing-android-embedded:4.3.0] AndroidManifest.xml:48:13-74
229            android:clearTaskOnLaunch="true"
229-->[com.journeyapps:zxing-android-embedded:4.3.0] AndroidManifest.xml:49:13-45
230            android:screenOrientation="sensorLandscape"
230-->[com.journeyapps:zxing-android-embedded:4.3.0] AndroidManifest.xml:50:13-56
231            android:stateNotNeeded="true"
231-->[com.journeyapps:zxing-android-embedded:4.3.0] AndroidManifest.xml:51:13-42
232            android:theme="@style/zxing_CaptureTheme"
232-->[com.journeyapps:zxing-android-embedded:4.3.0] AndroidManifest.xml:52:13-54
233            android:windowSoftInputMode="stateAlwaysHidden" />
233-->[com.journeyapps:zxing-android-embedded:4.3.0] AndroidManifest.xml:53:13-60
234    </application>
235
236</manifest>